<?xml version="1.0" encoding="UTF-8"?>
<!-- Generated by org.testng.reporters.JUnitXMLReporter -->
<testsuite ignored="0" hostname="EltonDcunha" failures="0" tests="6" name="Default test" time="53.148" errors="0" timestamp="2024-07-18T16:13:26 IST">
  <testcase classname="loginTest.LogInWithInValidCredentials" name="inValidCredentials" time="4.848"/>
  <testcase classname="loginTest.LogInWithInValidCredentials" name="inValidCredentials" time="4.662"/>
  <testcase classname="loginTest.LogInWithInValidCredentials" name="disablingLogInButton" time="5.465"/>
  <testcase classname="loginTest.LogInWithInValidCredentials" name="disablingLogInButton" time="5.519"/>
  <testcase classname="loginTest.LogInWithInValidCredentials" name="disablingLogInButton" time="5.372"/>
  <testcase classname="loginTest.LogInWithInValidCredentials" name="disablingLogInButton" time="5.538"/>
</testsuite> <!-- Default test -->
