<?xml version="1.0" encoding="UTF-8"?>
<!-- Generated by org.testng.reporters.JUnitXMLReporter -->
<testsuite ignored="0" hostname="DESKTOP-R9QIMTM" failures="0" tests="2" name="Default test" time="253.746" errors="0" timestamp="2024-07-22T14:26:28 IST">
  <testcase classname="landingPageTest.LinkValidationTest" name="forgotPassLinkValidation" time="82.077"/>
  <testcase classname="landingPageTest.LinkValidationTest" name="headerLinkValidation" time="144.04"/>
</testsuite> <!-- Default test -->
