<?xml version="1.0" encoding="UTF-8"?>
<testng-results ignored="0" total="6" passed="6" failed="0" skipped="0">
  <reporter-output>
  </reporter-output>
  <suite started-at="2024-07-18T16:12:33 IST" name="Default suite" finished-at="2024-07-18T16:13:26 IST" duration-ms="53148">
    <groups>
    </groups>
    <test started-at="2024-07-18T16:12:33 IST" name="Default test" finished-at="2024-07-18T16:13:26 IST" duration-ms="53148">
      <class name="loginTest.LogInWithInValidCredentials">
        <test-method is-config="true" signature="startBrowser(java.lang.String)[pri:0, instance:loginTest.LogInWithInValidCredentials@7d0b7e3c]" started-at="2024-07-18T16:12:33 IST" name="startBrowser" finished-at="2024-07-18T16:12:52 IST" duration-ms="18813" status="PASS">
          <params>
            <param index="0">
              <value>
                <![CDATA[chrome]]>
              </value>
            </param>
          </params>
          <reporter-output>
          </reporter-output>
        </test-method> <!-- startBrowser -->
        <test-method is-config="true" signature="initializePages()[pri:0, instance:loginTest.LogInWithInValidCredentials@7d0b7e3c]" started-at="2024-07-18T16:12:52 IST" name="initializePages" finished-at="2024-07-18T16:12:52 IST" duration-ms="57" status="PASS">
          <reporter-output>
          </reporter-output>
        </test-method> <!-- initializePages -->
        <test-method signature="inValidCredentials(java.lang.String,java.lang.String)[pri:0, instance:loginTest.LogInWithInValidCredentials@7d0b7e3c]" started-at="2024-07-18T16:12:52 IST" name="inValidCredentials" data-provider="invalidCredentials" finished-at="2024-07-18T16:12:56 IST" duration-ms="4848" status="PASS">
          <params>
            <param index="0">
              <value>
                <![CDATA[elton.dcuha1234@revealhealthtech.com]]>
              </value>
            </param>
            <param index="1">
              <value>
                <![CDATA[Elton@10]]>
              </value>
            </param>
          </params>
          <reporter-output>
          </reporter-output>
        </test-method> <!-- inValidCredentials -->
        <test-method signature="inValidCredentials(java.lang.String,java.lang.String)[pri:0, instance:loginTest.LogInWithInValidCredentials@7d0b7e3c]" started-at="2024-07-18T16:12:57 IST" name="inValidCredentials" data-provider="invalidCredentials" finished-at="2024-07-18T16:13:02 IST" duration-ms="4662" status="PASS">
          <params>
            <param index="0">
              <value>
                <![CDATA[elton.dcunha@revealhealthtech.com]]>
              </value>
            </param>
            <param index="1">
              <value>
                <![CDATA[Elton123]]>
              </value>
            </param>
          </params>
          <reporter-output>
          </reporter-output>
        </test-method> <!-- inValidCredentials -->
        <test-method signature="disablingLogInButton(java.lang.String,java.lang.String)[pri:0, instance:loginTest.LogInWithInValidCredentials@7d0b7e3c]" started-at="2024-07-18T16:13:02 IST" name="disablingLogInButton" data-provider="disableLogin" finished-at="2024-07-18T16:13:08 IST" depends-on-methods="loginTest.LogInWithInValidCredentials.inValidCredentials" duration-ms="5465" status="PASS">
          <params>
            <param index="0">
              <value>
                <![CDATA[elton.dcunha@revealhealthtech]]>
              </value>
            </param>
            <param index="1">
              <value>
                <![CDATA[123456]]>
              </value>
            </param>
          </params>
          <reporter-output>
          </reporter-output>
        </test-method> <!-- disablingLogInButton -->
        <test-method signature="disablingLogInButton(java.lang.String,java.lang.String)[pri:0, instance:loginTest.LogInWithInValidCredentials@7d0b7e3c]" started-at="2024-07-18T16:13:08 IST" name="disablingLogInButton" data-provider="disableLogin" finished-at="2024-07-18T16:13:13 IST" depends-on-methods="loginTest.LogInWithInValidCredentials.inValidCredentials" duration-ms="5519" status="PASS">
          <params>
            <param index="0">
              <value>
                <![CDATA[elon.dcunha@revealhealthtech.com]]>
              </value>
            </param>
            <param index="1">
              <value>
                <![CDATA[Elton@123]]>
              </value>
            </param>
          </params>
          <reporter-output>
          </reporter-output>
        </test-method> <!-- disablingLogInButton -->
        <test-method signature="disablingLogInButton(java.lang.String,java.lang.String)[pri:0, instance:loginTest.LogInWithInValidCredentials@7d0b7e3c]" started-at="2024-07-18T16:13:14 IST" name="disablingLogInButton" data-provider="disableLogin" finished-at="2024-07-18T16:13:19 IST" depends-on-methods="loginTest.LogInWithInValidCredentials.inValidCredentials" duration-ms="5372" status="PASS">
          <params>
            <param index="0">
              <value>
                <![CDATA[]]>
              </value>
            </param>
            <param index="1">
              <value>
                <![CDATA[Elton@123]]>
              </value>
            </param>
          </params>
          <reporter-output>
          </reporter-output>
        </test-method> <!-- disablingLogInButton -->
        <test-method signature="disablingLogInButton(java.lang.String,java.lang.String)[pri:0, instance:loginTest.LogInWithInValidCredentials@7d0b7e3c]" started-at="2024-07-18T16:13:20 IST" name="disablingLogInButton" data-provider="disableLogin" finished-at="2024-07-18T16:13:25 IST" depends-on-methods="loginTest.LogInWithInValidCredentials.inValidCredentials" duration-ms="5538" status="PASS">
          <params>
            <param index="0">
              <value>
                <![CDATA[elon.dcunha@revealhealthtech.com]]>
              </value>
            </param>
            <param index="1">
              <value>
                <![CDATA[]]>
              </value>
            </param>
          </params>
          <reporter-output>
          </reporter-output>
        </test-method> <!-- disablingLogInButton -->
        <test-method is-config="true" signature="closeBrowser()[pri:0, instance:loginTest.LogInWithInValidCredentials@7d0b7e3c]" started-at="2024-07-18T16:13:25 IST" name="closeBrowser" finished-at="2024-07-18T16:13:26 IST" duration-ms="378" status="PASS">
          <reporter-output>
          </reporter-output>
        </test-method> <!-- closeBrowser -->
      </class> <!-- loginTest.LogInWithInValidCredentials -->
    </test> <!-- Default test -->
  </suite> <!-- Default suite -->
</testng-results>
